  brisque.cpp
C:\Users\ugail\Downloads\spmallick learnopencv master ImageMetrics\C++\brisque.cpp(14,37): warning C4244: 'argument': conversion from 'double' to 'int', possible loss of data
C:\Users\ugail\Downloads\spmallick learnopencv master ImageMetrics\C++\brisque.cpp(23,77): warning C4244: 'argument': conversion from 'double' to '_Tp', possible loss of data
          with
          [
              _Tp=int
          ]
C:\Users\ugail\Downloads\spmallick learnopencv master ImageMetrics\C++\brisque.cpp(23,31): warning C4244: 'argument': conversion from 'double' to '_Tp', possible loss of data
          with
          [
              _Tp=int
          ]
C:\Users\ugail\Downloads\spmallick learnopencv master ImageMetrics\C++\brisque.cpp(147,25): warning C4305: 'initializing': truncation from 'double' to 'float'
C:\Users\ugail\Downloads\spmallick learnopencv master ImageMetrics\C++\brisque.cpp(148,21): warning C4305: 'initializing': truncation from 'double' to 'float'
  computescore.cpp
C:\Users\ugail\Downloads\spmallick learnopencv master ImageMetrics\C++\computescore.cpp(6,387): warning C4305: 'initializing': truncation from 'double' to 'float'
C:\Users\ugail\Downloads\spmallick learnopencv master ImageMetrics\C++\computescore.cpp(8,379): warning C4305: 'initializing': truncation from 'double' to 'float'
C:\Users\ugail\Downloads\spmallick learnopencv master ImageMetrics\C++\computescore.cpp(49,10): warning C4244: 'return': conversion from 'double' to 'float', possible loss of data
  trainModel.cpp
C:\Users\ugail\Downloads\spmallick learnopencv master ImageMetrics\C++\brisque.h(72,38): warning C4018: '<': signed/unsigned mismatch
C:\Users\ugail\Downloads\spmallick learnopencv master ImageMetrics\C++\trainModel.cpp(72): message : see reference to function template instantiation 'void printVectortoFile<_Tp>(const char *,std::vector<_Tp,std::allocator<_Tp>>,float)' being compiled
          with
          [
              _Tp=double
          ]
C:\Program Files (x86)\Microsoft Visual Studio\2019\Community\VC\Tools\MSVC\14.24.28314\include\chrono(632): message : see reference to class template instantiation 'std::chrono::duration<double,std::ratio<1,1>>' being compiled
C:\Program Files (x86)\Microsoft Visual Studio\2019\Community\VC\Tools\MSVC\14.24.28314\include\chrono(178): message : see reference to class template instantiation 'std::chrono::duration<__int64,std::nano>' being compiled
C:\Program Files (x86)\Microsoft Visual Studio\2019\Community\VC\Tools\MSVC\14.24.28314\include\chrono(610): message : see reference to class template instantiation 'std::chrono::time_point<std::chrono::steady_clock,std::chrono::nanoseconds>' being compiled
  Generating Code...
brisque.obj : error LNK2019: unresolved external symbol "void __cdecl cv::error(int,class std::basic_string<char,struct std::char_traits<char>,class std::allocator<char> > const &,char const *,char const *,int)" (?error@cv@@YAXHABV?$basic_string@DU?$char_traits@D@std@@V?$allocator@D@2@@std@@PBD1H@Z) referenced in function "public: __thiscall cv::MatStep::operator unsigned int(void)const " (??BMatStep@cv@@QBEIXZ)
brisque.obj : error LNK2019: unresolved external symbol "class cv::debug_build_guard::_InputOutputArray const & __cdecl cv::noArray(void)" (?noArray@cv@@YAABV_InputOutputArray@debug_build_guard@1@XZ) referenced in function "void __cdecl ComputeBrisqueFeature(class cv::Mat &,class std::vector<double,class std::allocator<double> > &)" (?ComputeBrisqueFeature@@YAXAAVMat@cv@@AAV?$vector@NV?$allocator@N@std@@@std@@@Z)
brisque.obj : error LNK2019: unresolved external symbol "public: __thiscall cv::Mat::Mat(void)" (??0Mat@cv@@QAE@XZ) referenced in function "public: __thiscall Image<double>::Image<double>(class cv::Mat)" (??0?$Image@N@@QAE@VMat@cv@@@Z)
brisque.obj : error LNK2019: unresolved external symbol "public: __thiscall cv::Mat::Mat(class cv::Size_<int>,int,class cv::Scalar_<double> const &)" (??0Mat@cv@@QAE@V?$Size_@H@1@HABV?$Scalar_@N@1@@Z) referenced in function "void __cdecl ComputeBrisqueFeature(class cv::Mat &,class std::vector<double,class std::allocator<double> > &)" (?ComputeBrisqueFeature@@YAXAAVMat@cv@@AAV?$vector@NV?$allocator@N@std@@@std@@@Z)
brisque.obj : error LNK2019: unresolved external symbol "public: __thiscall cv::Mat::Mat(class cv::Mat const &)" (??0Mat@cv@@QAE@ABV01@@Z) referenced in function "class cv::Mat __cdecl AGGDfit(class cv::Mat,double &,double &,double &)" (?AGGDfit@@YA?AVMat@cv@@V12@AAN11@Z)
brisque.obj : error LNK2019: unresolved external symbol "public: __thiscall cv::Mat::~Mat(void)" (??1Mat@cv@@QAE@XZ) referenced in function "public: __thiscall Image<double>::Image<double>(class cv::Mat)" (??0?$Image@N@@QAE@VMat@cv@@@Z)
computescore.obj : error LNK2001: unresolved external symbol "public: __thiscall cv::Mat::~Mat(void)" (??1Mat@cv@@QAE@XZ)
trainModel.obj : error LNK2001: unresolved external symbol "public: __thiscall cv::Mat::~Mat(void)" (??1Mat@cv@@QAE@XZ)
brisque.obj : error LNK2019: unresolved external symbol "public: class cv::Mat __thiscall cv::Mat::clone(void)const " (?clone@Mat@cv@@QBE?AV12@XZ) referenced in function "public: __thiscall Image<double>::Image<double>(class cv::Mat)" (??0?$Image@N@@QAE@VMat@cv@@@Z)
brisque.obj : error LNK2019: unresolved external symbol "public: void __thiscall cv::Mat::convertTo(class cv::debug_build_guard::_OutputArray const &,int,double,double)const " (?convertTo@Mat@cv@@QBEXABV_OutputArray@debug_build_guard@2@HNN@Z) referenced in function "void __cdecl ComputeBrisqueFeature(class cv::Mat &,class std::vector<double,class std::allocator<double> > &)" (?ComputeBrisqueFeature@@YAXAAVMat@cv@@AAV?$vector@NV?$allocator@N@std@@@std@@@Z)
brisque.obj : error LNK2019: unresolved external symbol "public: class cv::Mat & __thiscall cv::Mat::operator=(class cv::Scalar_<double> const &)" (??4Mat@cv@@QAEAAV01@ABV?$Scalar_@N@1@@Z) referenced in function "public: __thiscall Image<double>::~Image<double>(void)" (??1?$Image@N@@QAE@XZ)
brisque.obj : error LNK2019: unresolved external symbol "public: void __thiscall cv::Mat::release(void)" (?release@Mat@cv@@QAEXXZ) referenced in function "void __cdecl ComputeBrisqueFeature(class cv::Mat &,class std::vector<double,class std::allocator<double> > &)" (?ComputeBrisqueFeature@@YAXAAVMat@cv@@AAV?$vector@NV?$allocator@N@std@@@std@@@Z)
brisque.obj : error LNK2019: unresolved external symbol "public: __thiscall cv::Mat::Mat(class cv::Mat &&)" (??0Mat@cv@@QAE@$$QAV01@@Z) referenced in function "public: class cv::Mat __thiscall Image<double>::equate(class cv::Mat)" (?equate@?$Image@N@@QAE?AVMat@cv@@V23@@Z)
brisque.obj : error LNK2019: unresolved external symbol "public: class cv::Mat & __thiscall cv::Mat::operator=(class cv::Mat &&)" (??4Mat@cv@@QAEAAV01@$$QAV01@@Z) referenced in function "public: __thiscall Image<double>::Image<double>(class cv::Mat)" (??0?$Image@N@@QAE@VMat@cv@@@Z)
brisque.obj : error LNK2019: unresolved external symbol "void __cdecl cv::add(class cv::debug_build_guard::_InputArray const &,class cv::debug_build_guard::_InputArray const &,class cv::debug_build_guard::_OutputArray const &,class cv::debug_build_guard::_InputArray const &,int)" (?add@cv@@YAXABV_InputArray@debug_build_guard@1@0ABV_OutputArray@31@0H@Z) referenced in function "void __cdecl ComputeBrisqueFeature(class cv::Mat &,class std::vector<double,class std::allocator<double> > &)" (?ComputeBrisqueFeature@@YAXAAVMat@cv@@AAV?$vector@NV?$allocator@N@std@@@std@@@Z)
brisque.obj : error LNK2019: unresolved external symbol "void __cdecl cv::subtract(class cv::debug_build_guard::_InputArray const &,class cv::debug_build_guard::_InputArray const &,class cv::debug_build_guard::_OutputArray const &,class cv::debug_build_guard::_InputArray const &,int)" (?subtract@cv@@YAXABV_InputArray@debug_build_guard@1@0ABV_OutputArray@31@0H@Z) referenced in function "void __cdecl ComputeBrisqueFeature(class cv::Mat &,class std::vector<double,class std::allocator<double> > &)" (?ComputeBrisqueFeature@@YAXAAVMat@cv@@AAV?$vector@NV?$allocator@N@std@@@std@@@Z)
brisque.obj : error LNK2019: unresolved external symbol "void __cdecl cv::multiply(class cv::debug_build_guard::_InputArray const &,class cv::debug_build_guard::_InputArray const &,class cv::debug_build_guard::_OutputArray const &,double,int)" (?multiply@cv@@YAXABV_InputArray@debug_build_guard@1@0ABV_OutputArray@31@NH@Z) referenced in function "void __cdecl ComputeBrisqueFeature(class cv::Mat &,class std::vector<double,class std::allocator<double> > &)" (?ComputeBrisqueFeature@@YAXAAVMat@cv@@AAV?$vector@NV?$allocator@N@std@@@std@@@Z)
brisque.obj : error LNK2019: unresolved external symbol "void __cdecl cv::divide(class cv::debug_build_guard::_InputArray const &,class cv::debug_build_guard::_InputArray const &,class cv::debug_build_guard::_OutputArray const &,double,int)" (?divide@cv@@YAXABV_InputArray@debug_build_guard@1@0ABV_OutputArray@31@NH@Z) referenced in function "void __cdecl ComputeBrisqueFeature(class cv::Mat &,class std::vector<double,class std::allocator<double> > &)" (?ComputeBrisqueFeature@@YAXAAVMat@cv@@AAV?$vector@NV?$allocator@N@std@@@std@@@Z)
brisque.obj : error LNK2019: unresolved external symbol "void __cdecl cv::pow(class cv::debug_build_guard::_InputArray const &,double,class cv::debug_build_guard::_OutputArray const &)" (?pow@cv@@YAXABV_InputArray@debug_build_guard@1@NABV_OutputArray@31@@Z) referenced in function "void __cdecl ComputeBrisqueFeature(class cv::Mat &,class std::vector<double,class std::allocator<double> > &)" (?ComputeBrisqueFeature@@YAXAAVMat@cv@@AAV?$vector@NV?$allocator@N@std@@@std@@@Z)
brisque.obj : error LNK2019: unresolved external symbol "void __cdecl cv::GaussianBlur(class cv::debug_build_guard::_InputArray const &,class cv::debug_build_guard::_OutputArray const &,class cv::Size_<int>,double,double,int)" (?GaussianBlur@cv@@YAXABV_InputArray@debug_build_guard@1@ABV_OutputArray@31@V?$Size_@H@1@NNH@Z) referenced in function "void __cdecl ComputeBrisqueFeature(class cv::Mat &,class std::vector<double,class std::allocator<double> > &)" (?ComputeBrisqueFeature@@YAXAAVMat@cv@@AAV?$vector@NV?$allocator@N@std@@@std@@@Z)
brisque.obj : error LNK2019: unresolved external symbol "void __cdecl cv::resize(class cv::debug_build_guard::_InputArray const &,class cv::debug_build_guard::_OutputArray const &,class cv::Size_<int>,double,double,int)" (?resize@cv@@YAXABV_InputArray@debug_build_guard@1@ABV_OutputArray@31@V?$Size_@H@1@NNH@Z) referenced in function "void __cdecl ComputeBrisqueFeature(class cv::Mat &,class std::vector<double,class std::allocator<double> > &)" (?ComputeBrisqueFeature@@YAXAAVMat@cv@@AAV?$vector@NV?$allocator@N@std@@@std@@@Z)
brisque.obj : error LNK2019: unresolved external symbol "void __cdecl cv::cvtColor(class cv::debug_build_guard::_InputArray const &,class cv::debug_build_guard::_OutputArray const &,int,int)" (?cvtColor@cv@@YAXABV_InputArray@debug_build_guard@1@ABV_OutputArray@31@HH@Z) referenced in function "void __cdecl ComputeBrisqueFeature(class cv::Mat &,class std::vector<double,class std::allocator<double> > &)" (?ComputeBrisqueFeature@@YAXAAVMat@cv@@AAV?$vector@NV?$allocator@N@std@@@std@@@Z)
computescore.obj : error LNK2019: unresolved external symbol "class cv::Mat __cdecl cv::imread(class std::basic_string<char,struct std::char_traits<char>,class std::allocator<char> > const &,int)" (?imread@cv@@YA?AVMat@1@ABV?$basic_string@DU?$char_traits@D@std@@V?$allocator@D@2@@std@@H@Z) referenced in function "float __cdecl computescore(class std::basic_string<char,struct std::char_traits<char>,class std::allocator<char> >)" (?computescore@@YAMV?$basic_string@DU?$char_traits@D@std@@V?$allocator@D@2@@std@@@Z)
trainModel.obj : error LNK2001: unresolved external symbol "class cv::Mat __cdecl cv::imread(class std::basic_string<char,struct std::char_traits<char>,class std::allocator<char> > const &,int)" (?imread@cv@@YA?AVMat@1@ABV?$basic_string@DU?$char_traits@D@std@@V?$allocator@D@2@@std@@H@Z)
computescore.obj : error LNK2019: unresolved external symbol _svm_load_model referenced in function "float __cdecl computescore(class std::basic_string<char,struct std::char_traits<char>,class std::allocator<char> >)" (?computescore@@YAMV?$basic_string@DU?$char_traits@D@std@@V?$allocator@D@2@@std@@@Z)
computescore.obj : error LNK2019: unresolved external symbol _svm_get_nr_class referenced in function "float __cdecl computescore(class std::basic_string<char,struct std::char_traits<char>,class std::allocator<char> >)" (?computescore@@YAMV?$basic_string@DU?$char_traits@D@std@@V?$allocator@D@2@@std@@@Z)
computescore.obj : error LNK2019: unresolved external symbol _svm_predict_probability referenced in function "float __cdecl computescore(class std::basic_string<char,struct std::char_traits<char>,class std::allocator<char> >)" (?computescore@@YAMV?$basic_string@DU?$char_traits@D@std@@V?$allocator@D@2@@std@@@Z)
computescore.obj : error LNK2019: unresolved external symbol _svm_free_and_destroy_model referenced in function "float __cdecl computescore(class std::basic_string<char,struct std::char_traits<char>,class std::allocator<char> >)" (?computescore@@YAMV?$basic_string@DU?$char_traits@D@std@@V?$allocator@D@2@@std@@@Z)
opencv_world451.lib : warning LNK4272: library machine type 'x64' conflicts with target machine type 'x86'
C:\Users\ugail\source\repos\trainer\Debug\trainer.exe : fatal error LNK1120: 25 unresolved externals
